0 info it worked if it ends with ok
1 verbose cli [ '/Users/laragno/.nvm/versions/node/v5.9.0/bin/node',
1 verbose cli   '/Users/laragno/.nvm/versions/node/v5.9.0/bin/npm',
1 verbose cli   'run',
1 verbose cli   'build' ]
2 info using npm@3.7.3
3 info using node@v5.9.0
4 verbose config Skipping project config: /Users/laragno/.npmrc. (matches userconfig)
5 verbose stack Error: ENOENT: no such file or directory, open '/Users/laragno/package.json'
5 verbose stack     at Error (native)
6 verbose cwd /Users/laragno/Proyectos/tech-talks/react-meetup-2016-06-27
7 error Darwin 15.5.0
8 error argv "/Users/laragno/.nvm/versions/node/v5.9.0/bin/node" "/Users/laragno/.nvm/versions/node/v5.9.0/bin/npm" "run" "build"
9 error node v5.9.0
10 error npm  v3.7.3
11 error path /Users/laragno/package.json
12 error code ENOENT
13 error errno -2
14 error syscall open
15 error enoent ENOENT: no such file or directory, open '/Users/laragno/package.json'
16 error enoent ENOENT: no such file or directory, open '/Users/laragno/package.json'
16 error enoent This is most likely not a problem with npm itself
16 error enoent and is related to npm not being able to find a file.
17 verbose exit [ -2, true ]
